[2025-11-25 03:06:07.212] [info] [gpu_buffer_manager.cpp:171] Initializing GPU buffer manager
[2025-11-25 03:06:08.593] [info] [gpu_buffer_manager.cpp:187] Allocated processing size 2147483648 in GPU 0
[2025-11-25 03:06:08.593] [info] [gpu_buffer_manager.cpp:196] Allocated cache size 1073741824 in GPU 0
[2025-11-25 03:06:08.603] [info] [sirius_extension.cpp:247] Execute query time: 0.05 ms
[2025-11-25 03:09:09.929] [info] [gpu_buffer_manager.cpp:171] Initializing GPU buffer manager
[2025-11-25 03:09:11.299] [info] [gpu_buffer_manager.cpp:187] Allocated processing size 2147483648 in GPU 0
[2025-11-25 03:09:11.299] [info] [gpu_buffer_manager.cpp:196] Allocated cache size 1073741824 in GPU 0
[2025-11-25 03:09:59.816] [info] [gpu_buffer_manager.cpp:171] Initializing GPU buffer manager
[2025-11-25 03:10:01.172] [info] [gpu_buffer_manager.cpp:187] Allocated processing size 2147483648 in GPU 0
[2025-11-25 03:10:01.172] [info] [gpu_buffer_manager.cpp:196] Allocated cache size 1073741824 in GPU 0
[2025-11-25 03:10:01.260] [info] [sirius_extension.cpp:247] Execute query time: 78.50 ms
[2025-11-25 03:10:27.526] [info] [gpu_buffer_manager.cpp:171] Initializing GPU buffer manager
[2025-11-25 03:10:32.139] [info] [gpu_buffer_manager.cpp:187] Allocated processing size 8589934592 in GPU 0
[2025-11-25 03:10:32.140] [info] [gpu_buffer_manager.cpp:196] Allocated cache size 4294967296 in GPU 0
[2025-11-25 03:30:13.527] [info] [gpu_buffer_manager.cpp:171] Initializing GPU buffer manager
[2025-11-25 03:30:18.153] [info] [gpu_buffer_manager.cpp:187] Allocated processing size 8589934592 in GPU 0
[2025-11-25 03:30:18.153] [info] [gpu_buffer_manager.cpp:196] Allocated cache size 4294967296 in GPU 0
[2025-11-25 03:30:18.163] [error] [gpu_context.cpp:185] Error in GPUExecutePendingQueryResult: Aggregate function (not distinct) not supported
[2025-11-25 03:30:18.164] [info] [sirius_extension.cpp:247] Execute query time: 0.90 ms
[2025-11-25 03:31:32.357] [info] [gpu_buffer_manager.cpp:171] Initializing GPU buffer manager
[2025-11-25 03:31:36.979] [info] [gpu_buffer_manager.cpp:187] Allocated processing size 8589934592 in GPU 0
[2025-11-25 03:31:36.979] [info] [gpu_buffer_manager.cpp:196] Allocated cache size 4294967296 in GPU 0
[2025-11-25 03:31:37.119] [info] [sirius_extension.cpp:247] Execute query time: 130.32 ms
[2025-11-25 03:32:25.743] [info] [gpu_buffer_manager.cpp:171] Initializing GPU buffer manager
[2025-11-25 03:32:30.393] [info] [gpu_buffer_manager.cpp:187] Allocated processing size 8589934592 in GPU 0
[2025-11-25 03:32:30.393] [info] [gpu_buffer_manager.cpp:196] Allocated cache size 4294967296 in GPU 0
[2025-11-25 03:32:30.975] [info] [sirius_extension.cpp:247] Execute query time: 570.88 ms
[2025-11-25 03:32:31.098] [info] [sirius_extension.cpp:247] Execute query time: 100.02 ms
[2025-11-25 03:32:31.387] [info] [sirius_extension.cpp:247] Execute query time: 284.22 ms
[2025-11-25 03:32:31.628] [info] [sirius_extension.cpp:247] Execute query time: 223.52 ms
[2025-11-25 03:32:31.859] [info] [sirius_extension.cpp:247] Execute query time: 217.09 ms
[2025-11-25 03:32:31.884] [info] [sirius_extension.cpp:247] Execute query time: 11.85 ms
[2025-11-25 03:32:31.891] [info] [sirius_extension.cpp:247] Execute query time: 4.53 ms
[2025-11-25 03:32:32.166] [info] [sirius_extension.cpp:247] Execute query time: 272.04 ms
[2025-11-25 03:32:32.314] [info] [sirius_extension.cpp:247] Execute query time: 131.48 ms
[2025-11-25 03:32:32.643] [info] [sirius_extension.cpp:247] Execute query time: 325.82 ms
[2025-11-25 03:32:32.689] [info] [sirius_extension.cpp:247] Execute query time: 36.39 ms
[2025-11-25 03:32:32.942] [info] [sirius_extension.cpp:247] Execute query time: 248.99 ms
[2025-11-25 03:32:33.954] [info] [sirius_extension.cpp:247] Execute query time: 996.20 ms
[2025-11-25 03:32:33.968] [info] [sirius_extension.cpp:247] Execute query time: 4.63 ms
[2025-11-25 03:32:33.972] [info] [sirius_extension.cpp:247] Execute query time: 2.12 ms
[2025-11-25 03:32:33.995] [info] [sirius_extension.cpp:247] Execute query time: 21.80 ms
[2025-11-25 03:32:34.009] [info] [sirius_extension.cpp:247] Execute query time: 11.35 ms
[2025-11-25 03:32:34.069] [info] [sirius_extension.cpp:247] Execute query time: 57.67 ms
[2025-11-25 03:32:34.368] [info] [sirius_extension.cpp:247] Execute query time: 294.08 ms
[2025-11-25 03:32:34.398] [info] [sirius_extension.cpp:247] Execute query time: 10.02 ms
[2025-11-25 03:32:34.453] [info] [sirius_extension.cpp:247] Execute query time: 51.69 ms
[2025-11-25 03:32:34.464] [info] [sirius_extension.cpp:247] Execute query time: 7.12 ms
[2025-11-25 03:33:33.454] [info] [gpu_buffer_manager.cpp:171] Initializing GPU buffer manager
[2025-11-25 03:33:38.067] [info] [gpu_buffer_manager.cpp:187] Allocated processing size 8589934592 in GPU 0
[2025-11-25 03:33:38.067] [info] [gpu_buffer_manager.cpp:196] Allocated cache size 4294967296 in GPU 0
[2025-11-25 03:34:20.168] [warning] [sirius_extension.cpp:468] GPUBufferManager already initialized
[2025-11-25 03:34:20.568] [info] [sirius_extension.cpp:247] Execute query time: 395.17 ms
[2025-11-25 03:34:20.597] [info] [sirius_extension.cpp:247] Execute query time: 0.06 ms
